<?xml version="1.0" encoding="UTF-8"?>
<!-- Generated by org.testng.reporters.JUnitReportReporter -->
<testsuite hostname="Manoj" failures="0" tests="10" name="runners.TestRunner" time="79.245" errors="0" timestamp="2025-09-06T22:22:37 IST" skipped="0">
  <testcase classname="runners.TestRunner" name="runScenario" time="18.731"/>
  <testcase classname="runners.TestRunner" name="runScenario" time="6.599"/>
  <testcase classname="runners.TestRunner" name="runScenario" time="0.501"/>
  <testcase classname="runners.TestRunner" name="runScenario" time="3.936"/>
  <testcase classname="runners.TestRunner" name="runScenario" time="7.666"/>
  <testcase classname="runners.TestRunner" name="runScenario" time="7.852"/>
  <testcase classname="runners.TestRunner" name="runScenario" time="13.068"/>
  <testcase classname="runners.TestRunner" name="runScenario" time="10.602"/>
  <testcase classname="runners.TestRunner" name="runScenario" time="9.384"/>
  <testcase classname="runners.TestRunner" name="runScenario" time="0.906"/>
</testsuite> <!-- runners.TestRunner -->
